#
# There is insufficient memory for the Java Runtime Environment to continue.
# Native memory allocation (malloc) failed to allocate 751616 bytes for Chunk::new
# Possible reasons:
#   The system is out of physical RAM or swap space
#   The process is running with CompressedOops enabled, and the Java Heap may be blocking the growth of the native heap
# Possible solutions:
#   Reduce memory load on the system
#   Increase physical memory or swap space
#   Check if swap backing store is full
#   Decrease Java heap size (-Xmx/-Xms)
#   Decrease number of Java threads
#   Decrease Java thread stack sizes (-Xss)
#   Set larger code cache with -XX:ReservedCodeCacheSize=
#   JVM is running with Unscaled Compressed Oops mode in which the Java heap is
#     placed in the first 4GB address space. The Java Heap base address is the
#     maximum limit for the native heap growth. Please use -XX:HeapBaseMinAddress
#     to set the Java Heap base and to place the Java Heap above 4GB virtual address.
# This output file may be truncated or incomplete.
#
#  Out of Memory Error (allocation.cpp:389), pid=6712, tid=0x0000000000004258
#
# JRE version: OpenJDK Runtime Environment (8.0_242-b01) (build 1.8.0_242-release-1644-b01)
# Java VM: OpenJDK 64-Bit Server VM (25.242-b01 mixed mode windows-amd64 compressed oops)
# Failed to write core dump. Minidumps are not enabled by default on client versions of Windows
#

---------------  T H R E A D  ---------------

Current thread (0x0000000019333800):  JavaThread "C2 CompilerThread1" daemon [_thread_in_native, id=16984, stack(0x0000000019d00000,0x0000000019e00000)]

Stack: [0x0000000019d00000,0x0000000019e00000]
[error occurred during error reporting (printing stack bounds), id 0xc0000005]

Native frames: (J=compiled Java code, j=interpreted, Vv=VM code, C=native code)


Current CompileTask:
C2:   4658 1533   !   4       java.net.URLClassLoader$1::run (63 bytes)


---------------  P R O C E S S  ---------------

Java Threads: ( => current thread )
  0x000000001c119000 JavaThread "Cache worker for file hash cache (C:\Users\Abdo\.gradle\caches\6.5\fileHashes)" [_thread_blocked, id=15904, stack(0x000000001e220000,0x000000001e320000)]
  0x000000001c11d800 JavaThread "File lock request listener" [_thread_in_native, id=16708, stack(0x000000001e120000,0x000000001e220000)]
  0x000000001bea2000 JavaThread "Cache worker for journal cache (C:\Users\Abdo\.gradle\caches\journal-1)" [_thread_blocked, id=1568, stack(0x000000001e020000,0x000000001e120000)]
  0x000000001a311000 JavaThread "Thread-9" [_thread_blocked, id=16484, stack(0x000000001dd20000,0x000000001de20000)]
  0x000000001bda5800 JavaThread "Stdin handler" [_thread_blocked, id=3344, stack(0x000000001dc20000,0x000000001dd20000)]
  0x000000001a597800 JavaThread "Asynchronous log dispatcher for DefaultDaemonConnection: socket connection from /127.0.0.1:55888 to /127.0.0.1:55889" [_thread_blocked, id=17244, stack(0x000000001db20000,0x000000001dc20000)]
  0x000000001a319000 JavaThread "Daemon worker" [_thread_in_native, id=6004, stack(0x000000001da20000,0x000000001db20000)]
  0x000000001a596800 JavaThread "Cancel handler" [_thread_blocked, id=17160, stack(0x000000001d920000,0x000000001da20000)]
  0x000000001a3c7800 JavaThread "Handler for socket connection from /127.0.0.1:55888 to /127.0.0.1:55889" [_thread_in_native, id=7824, stack(0x000000001d820000,0x000000001d920000)]
  0x000000001a3af800 JavaThread "Daemon" [_thread_blocked, id=16432, stack(0x000000001d520000,0x000000001d620000)]
  0x000000001bd44800 JavaThread "Daemon periodic checks" [_thread_blocked, id=10164, stack(0x000000001d420000,0x000000001d520000)]
  0x000000001bd39800 JavaThread "Incoming local TCP Connector on port 55888" [_thread_in_native, id=16828, stack(0x000000001d1e0000,0x000000001d2e0000)]
  0x000000001bd1a800 JavaThread "Daemon health stats" [_thread_blocked, id=12684, stack(0x000000001cba0000,0x000000001cca0000)]
  0x00000000193d2000 JavaThread "Service Thread" daemon [_thread_blocked, id=2840, stack(0x000000001a000000,0x000000001a100000)]
  0x0000000019344000 JavaThread "C1 CompilerThread3" daemon [_thread_blocked, id=7932, stack(0x0000000019f00000,0x000000001a000000)]
  0x0000000019340800 JavaThread "C2 CompilerThread2" daemon [_thread_blocked, id=11760, stack(0x0000000019e00000,0x0000000019f00000)]
=>0x0000000019333800 JavaThread "C2 CompilerThread1" daemon [_thread_in_native, id=16984, stack(0x0000000019d00000,0x0000000019e00000)]
  0x0000000019330000 JavaThread "C2 CompilerThread0" daemon [_thread_in_native, id=14904, stack(0x0000000019c00000,0x0000000019d00000)]
  0x000000001932f000 JavaThread "Attach Listener" daemon [_thread_blocked, id=12704, stack(0x0000000019b00000,0x0000000019c00000)]
  0x000000001932e000 JavaThread "Signal Dispatcher" daemon [_thread_blocked, id=16024, stack(0x0000000019a00000,0x0000000019b00000)]
  0x0000000019321000 JavaThread "Finalizer" daemon [_thread_blocked, id=14704, stack(0x0000000019800000,0x0000000019900000)]
  0x0000000019320800 JavaThread "Reference Handler" daemon [_thread_blocked, id=11952, stack(0x0000000019700000,0x0000000019800000)]
  0x000000000064d800 JavaThread "main" [_thread_blocked, id=6748, stack(0x0000000002290000,0x0000000002390000)]

Other Threads:
  0x0000000017527800 VMThread [stack: 0x0000000019200000,0x0000000019300000] [id=17124]
  0x000000001938c800 WatcherThread [stack: 0x000000001a100000,0x000000001a200000] [id=16788]

VM state:not at safepoint (normal execution)

VM Mutex/Monitor currently owned by a thread: None

heap address: 0x0000000080000000, size: 2048 MB, Compressed Oops mode: 32-bit
Narrow klass base: 0x0000000000000000, Narrow klass shift: 3
Compressed class space size: 1073741824 Address: 0x0000000100000000

Heap:
 PSYoungGen      total 36864K, used 29642K [0x00000000d5580000, 0x00000000d7e80000, 0x0000000100000000)
  eden space 31744K, 77% used [0x00000000d5580000,0x00000000d6d79360,0x00000000d7480000)
  from space 5120K, 99% used [0x00000000d7980000,0x00000000d7e79740,0x00000000d7e80000)
  to   space 5120K, 0% used [0x00000000d7480000,0x00000000d7480000,0x00000000d7980000)
 ParOldGen       total 84992K, used 2831K [0x0000000080000000, 0x0000000085300000, 0x00000000d5580000)
  object space 84992K, 3% used [0x0000000080000000,0x00000000802c3ef0,0x0000000085300000)
 Metaspace       used 16825K, capacity 17434K, committed 17664K, reserved 1064960K
  class space    used 2265K, capacity 2475K, committed 2560K, reserved 1048576K

Card table byte_map: [0x0000000011850000,0x0000000011c60000] byte_map_base: 0x0000000011450000

Marking Bits: (ParMarkBitMap*) 0x000000006a8ef030
 Begin Bits: [0x0000000012710000, 0x0000000014710000)
 End Bits:   [0x0000000014710000, 0x0000000016710000)

Polling page: 0x0000000000690000

CodeCache: size=245760Kb used=5538Kb max_used=5538Kb free=240221Kb
 bounds [0x0000000002490000, 0x0000000002a00000, 0x0000000011490000]
 total_blobs=1949 nmethods=1549 adapters=313
 compilation: enabled

Compilation events (10 events):
Event: 4.633 Thread 0x0000000019344000 1548       3       java.lang.Enum::<init> (15 bytes)
Event: 4.633 Thread 0x0000000019344000 nmethod 1548 0x00000000029f3650 code [0x00000000029f37a0, 0x00000000029f3970]
Event: 4.635 Thread 0x0000000019344000 1550       3       sun.reflect.generics.parser.SignatureParser::parsePackageNameAndSimpleClassTypeSignature (139 bytes)
Event: 4.638 Thread 0x0000000019344000 nmethod 1550 0x00000000029f3a10 code [0x00000000029f3d60, 0x00000000029f5728]
Event: 4.638 Thread 0x0000000019344000 1549       3       sun.reflect.generics.parser.SignatureParser::parseClassTypeSignature (118 bytes)
Event: 4.642 Thread 0x0000000019344000 nmethod 1549 0x00000000029f6550 code [0x00000000029f6900, 0x00000000029f83c8]
Event: 4.645 Thread 0x0000000019344000 1551       3       java.lang.reflect.Modifier::isPrivate (12 bytes)
Event: 4.646 Thread 0x0000000019344000 nmethod 1551 0x00000000029f93d0 code [0x00000000029f9520, 0x00000000029f96b0]
Event: 4.647 Thread 0x0000000019344000 1552       3       java.lang.Class::privateGetDeclaredConstructors (85 bytes)
Event: 4.648 Thread 0x0000000019344000 nmethod 1552 0x00000000029f9710 code [0x00000000029f98e0, 0x00000000029f9fd8]

GC Heap History (8 events):
Event: 1.527 GC heap before
{Heap before GC invocations=1 (full 0):
 PSYoungGen      total 36864K, used 31744K [0x00000000d5580000, 0x00000000d7e80000, 0x0000000100000000)
  eden space 31744K, 100% used [0x00000000d5580000,0x00000000d7480000,0x00000000d7480000)
  from space 5120K, 0% used [0x00000000d7980000,0x00000000d7980000,0x00000000d7e80000)
  to   space 5120K, 0% used [0x00000000d7480000,0x00000000d7480000,0x00000000d7980000)
 ParOldGen       total 84992K, used 0K [0x0000000080000000, 0x0000000085300000, 0x00000000d5580000)
  object space 84992K, 0% used [0x0000000080000000,0x0000000080000000,0x0000000085300000)
 Metaspace       used 7196K, capacity 7450K, committed 7680K, reserved 1056768K
  class space    used 890K, capacity 973K, committed 1024K, reserved 1048576K
Event: 1.537 GC heap after
Heap after GC invocations=1 (full 0):
 PSYoungGen      total 36864K, used 4381K [0x00000000d5580000, 0x00000000d7e80000, 0x0000000100000000)
  eden space 31744K, 0% used [0x00000000d5580000,0x00000000d5580000,0x00000000d7480000)
  from space 5120K, 85% used [0x00000000d7480000,0x00000000d78c77c8,0x00000000d7980000)
  to   space 5120K, 0% used [0x00000000d7980000,0x00000000d7980000,0x00000000d7e80000)
 ParOldGen       total 84992K, used 8K [0x0000000080000000, 0x0000000085300000, 0x00000000d5580000)
  object space 84992K, 0% used [0x0000000080000000,0x0000000080002000,0x0000000085300000)
 Metaspace       used 7196K, capacity 7450K, committed 7680K, reserved 1056768K
  class space    used 890K, capacity 973K, committed 1024K, reserved 1048576K
}
Event: 2.099 GC heap before
{Heap before GC invocations=2 (full 0):
 PSYoungGen      total 36864K, used 36125K [0x00000000d5580000, 0x00000000d7e80000, 0x0000000100000000)
  eden space 31744K, 100% used [0x00000000d5580000,0x00000000d7480000,0x00000000d7480000)
  from space 5120K, 85% used [0x00000000d7480000,0x00000000d78c77c8,0x00000000d7980000)
  to   space 5120K, 0% used [0x00000000d7980000,0x00000000d7980000,0x00000000d7e80000)
 ParOldGen       total 84992K, used 8K [0x0000000080000000, 0x0000000085300000, 0x00000000d5580000)
  object space 84992K, 0% used [0x0000000080000000,0x0000000080002000,0x0000000085300000)
 Metaspace       used 7418K, capacity 7642K, committed 7936K, reserved 1056768K
  class space    used 902K, capacity 973K, committed 1024K, reserved 1048576K
Event: 2.110 GC heap after
Heap after GC invocations=2 (full 0):
 PSYoungGen      total 36864K, used 3118K [0x00000000d5580000, 0x00000000d7e80000, 0x0000000100000000)
  eden space 31744K, 0% used [0x00000000d5580000,0x00000000d5580000,0x00000000d7480000)
  from space 5120K, 60% used [0x00000000d7980000,0x00000000d7c8b800,0x00000000d7e80000)
  to   space 5120K, 0% used [0x00000000d7480000,0x00000000d7480000,0x00000000d7980000)
 ParOldGen       total 84992K, used 24K [0x0000000080000000, 0x0000000085300000, 0x00000000d5580000)
  object space 84992K, 0% used [0x0000000080000000,0x0000000080006000,0x0000000085300000)
 Metaspace       used 7418K, capacity 7642K, committed 7936K, reserved 1056768K
  class space    used 902K, capacity 973K, committed 1024K, reserved 1048576K
}
Event: 3.441 GC heap before
{Heap before GC invocations=3 (full 0):
 PSYoungGen      total 36864K, used 34862K [0x00000000d5580000, 0x00000000d7e80000, 0x0000000100000000)
  eden space 31744K, 100% used [0x00000000d5580000,0x00000000d7480000,0x00000000d7480000)
  from space 5120K, 60% used [0x00000000d7980000,0x00000000d7c8b800,0x00000000d7e80000)
  to   space 5120K, 0% used [0x00000000d7480000,0x00000000d7480000,0x00000000d7980000)
 ParOldGen       total 84992K, used 24K [0x0000000080000000, 0x0000000085300000, 0x00000000d5580000)
  object space 84992K, 0% used [0x0000000080000000,0x0000000080006000,0x0000000085300000)
 Metaspace       used 11424K, capacity 11654K, committed 11904K, reserved 1058816K
  class space    used 1515K, capacity 1607K, committed 1664K, reserved 1048576K
Event: 3.452 GC heap after
Heap after GC invocations=3 (full 0):
 PSYoungGen      total 36864K, used 5120K [0x00000000d5580000, 0x00000000d7e80000, 0x0000000100000000)
  eden space 31744K, 0% used [0x00000000d5580000,0x00000000d5580000,0x00000000d7480000)
  from space 5120K, 100% used [0x00000000d7480000,0x00000000d7980000,0x00000000d7980000)
  to   space 5120K, 0% used [0x00000000d7980000,0x00000000d7980000,0x00000000d7e80000)
 ParOldGen       total 84992K, used 745K [0x0000000080000000, 0x0000000085300000, 0x00000000d5580000)
  object space 84992K, 0% used [0x0000000080000000,0x00000000800ba560,0x0000000085300000)
 Metaspace       used 11424K, capacity 11654K, committed 11904K, reserved 1058816K
  class space    used 1515K, capacity 1607K, committed 1664K, reserved 1048576K
}
Event: 4.071 GC heap before
{Heap before GC invocations=4 (full 0):
 PSYoungGen      total 36864K, used 36864K [0x00000000d5580000, 0x00000000d7e80000, 0x0000000100000000)
  eden space 31744K, 100% used [0x00000000d5580000,0x00000000d7480000,0x00000000d7480000)
  from space 5120K, 100% used [0x00000000d7480000,0x00000000d7980000,0x00000000d7980000)
  to   space 5120K, 0% used [0x00000000d7980000,0x00000000d7980000,0x00000000d7e80000)
 ParOldGen       total 84992K, used 745K [0x0000000080000000, 0x0000000085300000, 0x00000000d5580000)
  object space 84992K, 0% used [0x0000000080000000,0x00000000800ba560,0x0000000085300000)
 Metaspace       used 14364K, capacity 14868K, committed 14976K, reserved 1062912K
  class space    used 1973K, capacity 2132K, committed 2176K, reserved 1048576K
Event: 4.096 GC heap after
Heap after GC invocations=4 (full 0):
 PSYoungGen      total 36864K, used 5093K [0x00000000d5580000, 0x00000000d7e80000, 0x0000000100000000)
  eden space 31744K, 0% used [0x00000000d5580000,0x00000000d5580000,0x00000000d7480000)
  from space 5120K, 99% used [0x00000000d7980000,0x00000000d7e79740,0x00000000d7e80000)
  to   space 5120K, 0% used [0x00000000d7480000,0x00000000d7480000,0x00000000d7980000)
 ParOldGen       total 84992K, used 2831K [0x0000000080000000, 0x0000000085300000, 0x00000000d5580000)
  object space 84992K, 3% used [0x0000000080000000,0x00000000802c3ef0,0x0000000085300000)
 Metaspace       used 14364K, capacity 14868K, committed 14976K, reserved 1062912K
  class space    used 1973K, capacity 2132K, committed 2176K, reserved 1048576K
}

Deoptimization events (10 events):
Event: 3.541 Thread 0x000000001a3c7800 Uncommon trap: reason=unstable_if action=reinterpret pc=0x000000000279c39c method=java.lang.String.substring(I)Ljava/lang/String; @ 35
Event: 3.611 Thread 0x000000001a319000 Uncommon trap: reason=bimorphic action=maybe_recompile pc=0x0000000002751224 method=java.util.HashMap.putVal(ILjava/lang/Object;Ljava/lang/Object;ZZ)Ljava/lang/Object; @ 253
Event: 3.611 Thread 0x000000001a319000 Uncommon trap: reason=bimorphic action=maybe_recompile pc=0x0000000002751224 method=java.util.HashMap.putVal(ILjava/lang/Object;Ljava/lang/Object;ZZ)Ljava/lang/Object; @ 253
Event: 3.612 Thread 0x000000001a319000 Uncommon trap: reason=bimorphic action=maybe_recompile pc=0x0000000002751224 method=java.util.HashMap.putVal(ILjava/lang/Object;Ljava/lang/Object;ZZ)Ljava/lang/Object; @ 253
Event: 3.612 Thread 0x000000001a319000 Uncommon trap: reason=bimorphic action=maybe_recompile pc=0x0000000002751224 method=java.util.HashMap.putVal(ILjava/lang/Object;Ljava/lang/Object;ZZ)Ljava/lang/Object; @ 253
Event: 3.967 Thread 0x000000001a319000 Uncommon trap: reason=class_check action=maybe_recompile pc=0x00000000027b54d8 method=java.util.regex.Matcher.match(II)Z @ 86
Event: 4.001 Thread 0x000000001a319000 Uncommon trap: reason=class_check action=maybe_recompile pc=0x00000000027b54d8 method=java.util.regex.Matcher.match(II)Z @ 86
Event: 4.002 Thread 0x000000001a319000 Uncommon trap: reason=class_check action=maybe_recompile pc=0x00000000027b54d8 method=java.util.regex.Matcher.match(II)Z @ 86
Event: 4.002 Thread 0x000000001a319000 Uncommon trap: reason=class_check action=maybe_recompile pc=0x000000000264fa8c method=java.util.regex.Matcher.match(II)Z @ 86
Event: 4.286 Thread 0x000000001a319000 Uncommon trap: reason=unstable_if action=reinterpret pc=0x00000000027b814c method=java.io.File.getName()Ljava/lang/String; @ 16

Classes redefined (0 events):
No events

Internal exceptions (10 events):
Event: 3.531 Thread 0x000000001a3c7800 Exception <a 'java/lang/NoSuchMethodError': <clinit>> (0x00000000d57cffc0) thrown at [C:\src\AOSP-openjdk-git\hotspot\src\share\vm\prims\jni.cpp, line 1615]
Event: 3.531 Thread 0x000000001a3c7800 Exception <a 'java/lang/NoSuchMethodError': <clinit>> (0x00000000d57d8b60) thrown at [C:\src\AOSP-openjdk-git\hotspot\src\share\vm\prims\jni.cpp, line 1615]
Event: 3.536 Thread 0x000000001a3c7800 Exception <a 'java/lang/NoSuchMethodError': <clinit>> (0x00000000d57eeed8) thrown at [C:\src\AOSP-openjdk-git\hotspot\src\share\vm\prims\jni.cpp, line 1615]
Event: 3.555 Thread 0x000000001a3c7800 Exception <a 'java/lang/NoSuchMethodError': <clinit>> (0x00000000d5868b10) thrown at [C:\src\AOSP-openjdk-git\hotspot\src\share\vm\prims\jni.cpp, line 1615]
Event: 3.561 Thread 0x000000001a3c7800 Exception <a 'java/lang/NoSuchMethodError': <clinit>> (0x00000000d5898128) thrown at [C:\src\AOSP-openjdk-git\hotspot\src\share\vm\prims\jni.cpp, line 1615]
Event: 3.571 Thread 0x000000001a3c7800 Exception <a 'java/lang/NoSuchMethodError': <clinit>> (0x00000000d58c66f0) thrown at [C:\src\AOSP-openjdk-git\hotspot\src\share\vm\prims\jni.cpp, line 1615]
Event: 3.573 Thread 0x000000001a3c7800 Exception <a 'java/lang/NoSuchMethodError': <clinit>> (0x00000000d58d2b68) thrown at [C:\src\AOSP-openjdk-git\hotspot\src\share\vm\prims\jni.cpp, line 1615]
Event: 4.399 Thread 0x000000001a319000 Exception <a 'java/lang/NoSuchMethodError': java.lang.Object.lambda$and$0(Ljava/util/function/Predicate;Ljava/lang/Object;)Z> (0x00000000d5d465e8) thrown at [C:\src\AOSP-openjdk-git\hotspot\src\share\vm\interpreter\linkResolver.cpp, line 620]
Event: 4.416 Thread 0x000000001a319000 Exception <a 'java/lang/IncompatibleClassChangeError': Found class java.lang.Object, but interface was expected> (0x00000000d5d568e0) thrown at [C:\src\AOSP-openjdk-git\hotspot\src\share\vm\interpreter\linkResolver.cpp, line 653]
Event: 4.422 Thread 0x000000001a319000 Exception <a 'java/lang/NoSuchMethodError': java.lang.Object.lambda$or$2(Ljava/util/function/Predicate;Ljava/lang/Object;)Z> (0x00000000d5d5b430) thrown at [C:\src\AOSP-openjdk-git\hotspot\src\share\vm\interpreter\linkResolver.cpp, line 620]

Events (10 events):
Event: 4.653 loading class org/gradle/caching/configuration/internal/DefaultBuildCacheServiceRegistration
Event: 4.653 loading class org/gradle/caching/configuration/internal/DefaultBuildCacheServiceRegistration done
Event: 4.654 loading class org/gradle/caching/http/HttpBuildCache
Event: 4.654 loading class org/gradle/caching/http/HttpBuildCache done
Event: 4.655 loading class org/gradle/caching/configuration/AbstractBuildCache
Event: 4.655 loading class org/gradle/caching/configuration/AbstractBuildCache done
Event: 4.655 loading class org/gradle/caching/configuration/BuildCache
Event: 4.655 loading class org/gradle/caching/configuration/BuildCache done
Event: 4.656 loading class org/gradle/caching/http/internal/DefaultHttpBuildCacheServiceFactory
Event: 4.656 loading class org/gradle/caching/http/internal/DefaultHttpBuildCacheServiceFactory done


Dynamic libraries:
0x00007ff767e00000 - 0x00007ff767e31000 	C:\Program Files\Android\Android Studio\jre\bin\java.exe
0x00007ffa30830000 - 0x00007ffa30a25000 	C:\Windows\SYSTEM32\ntdll.dll
0x00007ffa30020000 - 0x00007ffa300dd000 	C:\Windows\System32\KERNEL32.DLL
0x00007ffa2e460000 - 0x00007ffa2e728000 	C:\Windows\System32\KERNELBASE.dll
0x00007ffa30300000 - 0x00007ffa303ac000 	C:\Windows\System32\ADVAPI32.dll
0x00007ffa2e890000 - 0x00007ffa2e92e000 	C:\Windows\System32\msvcrt.dll
0x00007ffa2eb90000 - 0x00007ffa2ec2b000 	C:\Windows\System32\sechost.dll
0x00007ffa2f100000 - 0x00007ffa2f22b000 	C:\Windows\System32\RPCRT4.dll
0x00007ffa2f300000 - 0x00007ffa2f4a0000 	C:\Windows\System32\USER32.dll
0x00007ffa2e360000 - 0x00007ffa2e382000 	C:\Windows\System32\win32u.dll
0x00007ffa307c0000 - 0x00007ffa307ea000 	C:\Windows\System32\GDI32.dll
0x00007ffa2e780000 - 0x00007ffa2e88b000 	C:\Windows\System32\gdi32full.dll
0x00007ffa2e3c0000 - 0x00007ffa2e45d000 	C:\Windows\System32\msvcp_win.dll
0x00007ffa2df70000 - 0x00007ffa2e070000 	C:\Windows\System32\ucrtbase.dll
0x00007ffa1c460000 - 0x00007ffa1c6fa000 	C:\Windows\WinSxS\amd64_microsoft.windows.common-controls_6595b64144ccf1df_6.0.19041.844_none_ca00b6081b84eb1d\COMCTL32.dll
0x00007ffa30220000 - 0x00007ffa30250000 	C:\Windows\System32\IMM32.DLL
0x0000000069f60000 - 0x000000006a032000 	C:\Program Files\Android\Android Studio\jre\jre\bin\msvcr100.dll
0x000000006a120000 - 0x000000006a96b000 	C:\Program Files\Android\Android Studio\jre\jre\bin\server\jvm.dll
0x00007ffa2eb80000 - 0x00007ffa2eb88000 	C:\Windows\System32\PSAPI.DLL
0x00007ffa26f60000 - 0x00007ffa26f6a000 	C:\Windows\SYSTEM32\VERSION.dll
0x00007ffa19280000 - 0x00007ffa19289000 	C:\Windows\SYSTEM32\WSOCK32.dll
0x00007ffa2ff20000 - 0x00007ffa2ff8b000 	C:\Windows\System32\WS2_32.dll
0x00007ffa1b3f0000 - 0x00007ffa1b417000 	C:\Windows\SYSTEM32\WINMM.dll
0x00007ffa28110000 - 0x00007ffa2811f000 	C:\Program Files\Android\Android Studio\jre\jre\bin\verify.dll
0x00007ffa1f2f0000 - 0x00007ffa1f319000 	C:\Program Files\Android\Android Studio\jre\jre\bin\java.dll
0x00007ffa1eb70000 - 0x00007ffa1eb86000 	C:\Program Files\Android\Android Studio\jre\jre\bin\zip.dll
0x00007ffa2f4a0000 - 0x00007ffa2fbe2000 	C:\Windows\System32\SHELL32.dll
0x00007ffa2bf90000 - 0x00007ffa2c721000 	C:\Windows\SYSTEM32\windows.storage.dll
0x00007ffa303b0000 - 0x00007ffa30705000 	C:\Windows\System32\combase.dll
0x00007ffa2d970000 - 0x00007ffa2d99c000 	C:\Windows\SYSTEM32\Wldp.dll
0x00007ffa30710000 - 0x00007ffa307be000 	C:\Windows\System32\SHCORE.dll
0x00007ffa2fec0000 - 0x00007ffa2ff15000 	C:\Windows\System32\shlwapi.dll
0x00007ffa2deb0000 - 0x00007ffa2decf000 	C:\Windows\SYSTEM32\profapi.dll
0x00007ffa1e5e0000 - 0x00007ffa1e5fa000 	C:\Program Files\Android\Android Studio\jre\jre\bin\net.dll
0x00007ffa2d680000 - 0x00007ffa2d6ea000 	C:\Windows\system32\mswsock.dll
0x00007ffa1e5c0000 - 0x00007ffa1e5d3000 	C:\Program Files\Android\Android Studio\jre\jre\bin\nio.dll
0x00007ffa04c40000 - 0x00007ffa04c67000 	C:\Users\Abdo\.gradle\native\f6784746aeab05261644944871eae4fe03e0ef1612fff0a4a95f87b438bc6780\windows-amd64\native-platform.dll
0x00007ffa23050000 - 0x00007ffa2305d000 	C:\Program Files\Android\Android Studio\jre\jre\bin\management.dll
0x00007ffa2d8c0000 - 0x00007ffa2d8d8000 	C:\Windows\SYSTEM32\CRYPTSP.dll
0x00007ffa2d020000 - 0x00007ffa2d054000 	C:\Windows\system32\rsaenh.dll
0x00007ffa2e390000 - 0x00007ffa2e3b7000 	C:\Windows\System32\bcrypt.dll
0x00007ffa2de70000 - 0x00007ffa2de9e000 	C:\Windows\SYSTEM32\USERENV.dll
0x00007ffa2e120000 - 0x00007ffa2e1a0000 	C:\Windows\System32\bcryptprimitives.dll
0x00007ffa2d8b0000 - 0x00007ffa2d8bc000 	C:\Windows\SYSTEM32\CRYPTBASE.dll
0x00007ffa2d370000 - 0x00007ffa2d3ab000 	C:\Windows\SYSTEM32\IPHLPAPI.DLL
0x00007ffa2feb0000 - 0x00007ffa2feb8000 	C:\Windows\System32\NSI.dll
0x00007ffa22e80000 - 0x00007ffa22e97000 	C:\Windows\SYSTEM32\dhcpcsvc6.DLL
0x00007ffa256e0000 - 0x00007ffa256fd000 	C:\Windows\SYSTEM32\dhcpcsvc.DLL
0x00007ffa2d3b0000 - 0x00007ffa2d47c000 	C:\Windows\SYSTEM32\DNSAPI.dll
0x00007ffa26f50000 - 0x00007ffa26f5b000 	C:\Windows\SYSTEM32\WINNSI.DLL

VM Arguments:
jvm_args: -Xmx2048m -Dfile.encoding=UTF-8 -Duser.country=US -Duser.language=en -Duser.variant 
java_command: org.gradle.launcher.daemon.bootstrap.GradleDaemon 6.5
java_class_path (initial): C:\Users\Abdo\.gradle\wrapper\dists\gradle-6.5-all\2oz4ud9k3tuxjg84bbf55q0tn\gradle-6.5\lib\gradle-launcher-6.5.jar
Launcher Type: SUN_STANDARD

Environment Variables:
PATH=C:\Program Files\Common Files\Oracle\Java\javapath;C:\Windows\system32;C:\Windows;C:\Windows\System32\Wbem;C:\Windows\System32\WindowsPowerShell\v1.0\;C:\Windows\System32\OpenSSH\;C:\Program Files (x86)\Intel\Intel(R) Management Engine Components\DAL;C:\Program Files\Intel\Intel(R) Management Engine Components\DAL;C:\Program Files\Java\jdk-15.0.2\bin;C:\Users\Abdo\AppData\Local\Microsoft\WindowsApps
USERNAME=Abdo
OS=Windows_NT
PROCESSOR_IDENTIFIER=Intel64 Family 6 Model 142 Stepping 10, GenuineIntel



---------------  S Y S T E M  ---------------

OS: Windows 10.0 , 64 bit Build 19041 (10.0.19041.928)

CPU:total 8 (initial active 8) (4 cores per cpu, 2 threads per core) family 6 model 142 stepping 10, cmov, cx8, fxsr, mmx, sse, sse2, sse3, ssse3, sse4.1, sse4.2, popcnt, avx, avx2, aes, clmul, erms, 3dnowpref, lzcnt, ht, tsc, tscinvbit, bmi1, bmi2, adx

Memory: 4k page, physical 8061424k(266476k free), swap 21100820k(5372k free)

vm_info: OpenJDK 64-Bit Server VM (25.242-b01) for windows-amd64 JRE (1.8.0_242-release-1644-b01), built by "builder" with MS VC++ 10.0 (VS2010)

time: Wed Apr 21 22:58:27 2021
timezone: Egypt Standard Time
elapsed time: 4 seconds (0d 0h 0m 4s)

